<?xml version="1.0" encoding="UTF-8"?>
<!-- Generated by org.testng.reporters.JUnitXMLReporter -->
<testsuite ignored="0" hostname="LAPTOP-JI1GNC1C" failures="0" tests="2" name="Default test" time="31.48" errors="0" timestamp="2025-04-23T18:03:25 IST">
  <testcase classname="com.Coverfox_Test.TestCoverfoxErrorMsgUsingTestNG" name="validateErrorMsgsForPINCodesAndMobile" time="0.233"/>
  <testcase classname="com.Coverfox_Test.TestCoverfoxUsingTestNG" name="validateCoverfoxPlans" time="10.331"/>
</testsuite> <!-- Default test -->
