<?xml version="1.0" encoding="UTF-8"?>
<testng-results ignored="0" total="2" passed="2" failed="0" skipped="0">
  <reporter-output>
    <line>
      <![CDATA[reading Data From Properties file]]>
    </line>
    <line>
      <![CDATA[launching Browser]]>
    </line>
    <line>
      <![CDATA[Clicking on Gender]]>
    </line>
    <line>
      <![CDATA[Selecting Husband and Mother options]]>
    </line>
    <line>
      <![CDATA[clicking On NextButton Of HealthPlanPage]]>
    </line>
    <line>
      <![CDATA[reading Data From Excel]]>
    </line>
    <line>
      <![CDATA[handleling You Age DropDown ]]>
    </line>
    <line>
      <![CDATA[reading Data From Excel]]>
    </line>
    <line>
      <![CDATA[handleling Spouse Age DropDown ]]>
    </line>
    <line>
      <![CDATA[reading Data From Excel]]>
    </line>
    <line>
      <![CDATA[handleling Mother Age DropDown ]]>
    </line>
    <line>
      <![CDATA[clicking On NextButton Of MemberDetailsPage]]>
    </line>
    <line>
      <![CDATA[reading Data From Excel]]>
    </line>
    <line>
      <![CDATA[entering PinCode]]>
    </line>
    <line>
      <![CDATA[clicking On CheckBox]]>
    </line>
    <line>
      <![CDATA[reading Data From Excel]]>
    </line>
    <line>
      <![CDATA[entering MobileNumber]]>
    </line>
    <line>
      <![CDATA[clicking On ContinueButton Of AddressDetailsPage]]>
    </line>
    <line>
      <![CDATA[getting YouAndHusband PlanNumber From Text]]>
    </line>
    <line>
      <![CDATA[getting YouAndHusband PlanNumber From PLANCARDS]]>
    </line>
    <line>
      <![CDATA[YouAndHusband Plan numbers are matching. TC is passed]]>
    </line>
    <line>
      <![CDATA[getting Mother PlanNumber From Text]]>
    </line>
    <line>
      <![CDATA[getting Mother PlanNumber From PLANCARDS]]>
    </line>
    <line>
      <![CDATA[Mother Plan numbers are matching. TC is passed]]>
    </line>
    <line>
      <![CDATA[Test validateCoverfoxPlans is success]]>
    </line>
    <line>
      <![CDATA[Closing Browser]]>
    </line>
    <line>
      <![CDATA[reading Data From Properties file]]>
    </line>
    <line>
      <![CDATA[launching Browser]]>
    </line>
    <line>
      <![CDATA[Clicking on Gender]]>
    </line>
    <line>
      <![CDATA[Selecting Husband and Mother options]]>
    </line>
    <line>
      <![CDATA[clicking On NextButton Of HealthPlanPage]]>
    </line>
    <line>
      <![CDATA[reading Data From Excel]]>
    </line>
    <line>
      <![CDATA[handleling You Age DropDown ]]>
    </line>
    <line>
      <![CDATA[reading Data From Excel]]>
    </line>
    <line>
      <![CDATA[handleling Spouse Age DropDown ]]>
    </line>
    <line>
      <![CDATA[reading Data From Excel]]>
    </line>
    <line>
      <![CDATA[handleling Mother Age DropDown ]]>
    </line>
    <line>
      <![CDATA[clicking On NextButton Of MemberDetailsPage]]>
    </line>
    <line>
      <![CDATA[clicking On ContinueButton Of AddressDetailsPage]]>
    </line>
    <line>
      <![CDATA[clicking On ContinueButton Of AddressDetailsPage]]>
    </line>
    <line>
      <![CDATA[error msg for self pincode is displayed. TC is Passed]]>
    </line>
    <line>
      <![CDATA[error msg for Parents pincode is displayed. TC is Passed]]>
    </line>
    <line>
      <![CDATA[error msg for Mobile number is displayed. TC is Passed]]>
    </line>
    <line>
      <![CDATA[getting Self PIN Code Error Message On AddressDetailsPage]]>
    </line>
    <line>
      <![CDATA[error msg for self pincode is matching with expected error msg. TC is Passed]]>
    </line>
    <line>
      <![CDATA[getting Parents PIN Code Error Message On AddressDetailsPage]]>
    </line>
    <line>
      <![CDATA[error msg for Parents pincode is matching with expected error msg. TC is Passed]]>
    </line>
    <line>
      <![CDATA[getting Mobile number Error Message On AddressDetailsPage]]>
    </line>
    <line>
      <![CDATA[error msg for Mobile number is matching with expected error msg. TC is Passed]]>
    </line>
    <line>
      <![CDATA[Test validateErrorMsgsForPINCodesAndMobile is success]]>
    </line>
    <line>
      <![CDATA[Closing browser]]>
    </line>
  </reporter-output>
  <suite started-at="2025-04-23T18:18:58 IST" name="Suite" finished-at="2025-04-23T18:19:21 IST" duration-ms="23071">
    <groups>
    </groups>
    <test started-at="2025-04-23T18:18:58 IST" name="Test" finished-at="2025-04-23T18:19:21 IST" duration-ms="23071">
      <class name="com.Coverfox_Test.TestCoverfoxUsingTestNG">
        <test-method is-config="true" signature="launchBrowser()[pri:0, instance:com.Coverfox_Test.TestCoverfoxUsingTestNG@6b2ea799]" started-at="2025-04-23T18:18:58 IST" name="launchBrowser" finished-at="2025-04-23T18:19:02 IST" duration-ms="3793" status="PASS">
          <reporter-output>
            <line>
              <![CDATA[reading Data From Properties file]]>
            </line>
            <line>
              <![CDATA[launching Browser]]>
            </line>
          </reporter-output>
        </test-method> <!-- launchBrowser -->
        <test-method is-config="true" signature="coverfoxPreconditions()[pri:0, instance:com.Coverfox_Test.TestCoverfoxUsingTestNG@6b2ea799]" started-at="2025-04-23T18:19:02 IST" name="coverfoxPreconditions" finished-at="2025-04-23T18:19:10 IST" duration-ms="8067" status="PASS">
          <reporter-output>
            <line>
              <![CDATA[Clicking on Gender]]>
            </line>
            <line>
              <![CDATA[Selecting Husband and Mother options]]>
            </line>
            <line>
              <![CDATA[clicking On NextButton Of HealthPlanPage]]>
            </line>
            <line>
              <![CDATA[reading Data From Excel]]>
            </line>
            <line>
              <![CDATA[handleling You Age DropDown ]]>
            </line>
            <line>
              <![CDATA[reading Data From Excel]]>
            </line>
            <line>
              <![CDATA[handleling Spouse Age DropDown ]]>
            </line>
            <line>
              <![CDATA[reading Data From Excel]]>
            </line>
            <line>
              <![CDATA[handleling Mother Age DropDown ]]>
            </line>
            <line>
              <![CDATA[clicking On NextButton Of MemberDetailsPage]]>
            </line>
            <line>
              <![CDATA[reading Data From Excel]]>
            </line>
            <line>
              <![CDATA[entering PinCode]]>
            </line>
            <line>
              <![CDATA[clicking On CheckBox]]>
            </line>
            <line>
              <![CDATA[reading Data From Excel]]>
            </line>
            <line>
              <![CDATA[entering MobileNumber]]>
            </line>
            <line>
              <![CDATA[clicking On ContinueButton Of AddressDetailsPage]]>
            </line>
          </reporter-output>
        </test-method> <!-- coverfoxPreconditions -->
        <test-method signature="validateCoverfoxPlans()[pri:0, instance:com.Coverfox_Test.TestCoverfoxUsingTestNG@6b2ea799]" started-at="2025-04-23T18:19:10 IST" name="validateCoverfoxPlans" finished-at="2025-04-23T18:19:21 IST" duration-ms="10366" status="PASS">
          <reporter-output>
            <line>
              <![CDATA[getting YouAndHusband PlanNumber From Text]]>
            </line>
            <line>
              <![CDATA[getting YouAndHusband PlanNumber From PLANCARDS]]>
            </line>
            <line>
              <![CDATA[YouAndHusband Plan numbers are matching. TC is passed]]>
            </line>
            <line>
              <![CDATA[getting Mother PlanNumber From Text]]>
            </line>
            <line>
              <![CDATA[getting Mother PlanNumber From PLANCARDS]]>
            </line>
            <line>
              <![CDATA[Mother Plan numbers are matching. TC is passed]]>
            </line>
            <line>
              <![CDATA[Test validateCoverfoxPlans is success]]>
            </line>
          </reporter-output>
        </test-method> <!-- validateCoverfoxPlans -->
        <test-method is-config="true" signature="closeBrowser()[pri:0, instance:com.Coverfox_Test.TestCoverfoxUsingTestNG@6b2ea799]" started-at="2025-04-23T18:19:21 IST" name="closeBrowser" finished-at="2025-04-23T18:19:21 IST" duration-ms="760" status="PASS">
          <reporter-output>
            <line>
              <![CDATA[Closing Browser]]>
            </line>
          </reporter-output>
        </test-method> <!-- closeBrowser -->
      </class> <!-- com.Coverfox_Test.TestCoverfoxUsingTestNG -->
    </test> <!-- Test -->
  </suite> <!-- Suite -->
  <suite started-at="2025-04-23T18:19:21 IST" name="Suite (0)" finished-at="2025-04-23T18:19:31 IST" duration-ms="9505">
    <groups>
    </groups>
    <test started-at="2025-04-23T18:19:21 IST" name="Test" finished-at="2025-04-23T18:19:31 IST" duration-ms="9505">
      <class name="com.Coverfox_Test.TestCoverfoxErrorMsgUsingTestNG">
        <test-method is-config="true" signature="launchBrowser()[pri:0, instance:com.Coverfox_Test.TestCoverfoxErrorMsgUsingTestNG@233795b6]" started-at="2025-04-23T18:19:21 IST" name="launchBrowser" finished-at="2025-04-23T18:19:25 IST" duration-ms="3302" status="PASS">
          <reporter-output>
            <line>
              <![CDATA[reading Data From Properties file]]>
            </line>
            <line>
              <![CDATA[launching Browser]]>
            </line>
          </reporter-output>
        </test-method> <!-- launchBrowser -->
        <test-method is-config="true" signature="coverfoxPreconditions()[pri:0, instance:com.Coverfox_Test.TestCoverfoxErrorMsgUsingTestNG@233795b6]" started-at="2025-04-23T18:19:25 IST" name="coverfoxPreconditions" finished-at="2025-04-23T18:19:28 IST" duration-ms="3284" status="PASS">
          <reporter-output>
            <line>
              <![CDATA[Clicking on Gender]]>
            </line>
            <line>
              <![CDATA[Selecting Husband and Mother options]]>
            </line>
            <line>
              <![CDATA[clicking On NextButton Of HealthPlanPage]]>
            </line>
            <line>
              <![CDATA[reading Data From Excel]]>
            </line>
            <line>
              <![CDATA[handleling You Age DropDown ]]>
            </line>
            <line>
              <![CDATA[reading Data From Excel]]>
            </line>
            <line>
              <![CDATA[handleling Spouse Age DropDown ]]>
            </line>
            <line>
              <![CDATA[reading Data From Excel]]>
            </line>
            <line>
              <![CDATA[handleling Mother Age DropDown ]]>
            </line>
            <line>
              <![CDATA[clicking On NextButton Of MemberDetailsPage]]>
            </line>
            <line>
              <![CDATA[clicking On ContinueButton Of AddressDetailsPage]]>
            </line>
          </reporter-output>
        </test-method> <!-- coverfoxPreconditions -->
        <test-method signature="validateErrorMsgsForPINCodesAndMobile()[pri:0, instance:com.Coverfox_Test.TestCoverfoxErrorMsgUsingTestNG@233795b6]" started-at="2025-04-23T18:19:28 IST" name="validateErrorMsgsForPINCodesAndMobile" finished-at="2025-04-23T18:19:28 IST" duration-ms="277" status="PASS">
          <reporter-output>
            <line>
              <![CDATA[clicking On ContinueButton Of AddressDetailsPage]]>
            </line>
            <line>
              <![CDATA[error msg for self pincode is displayed. TC is Passed]]>
            </line>
            <line>
              <![CDATA[error msg for Parents pincode is displayed. TC is Passed]]>
            </line>
            <line>
              <![CDATA[error msg for Mobile number is displayed. TC is Passed]]>
            </line>
            <line>
              <![CDATA[getting Self PIN Code Error Message On AddressDetailsPage]]>
            </line>
            <line>
              <![CDATA[error msg for self pincode is matching with expected error msg. TC is Passed]]>
            </line>
            <line>
              <![CDATA[getting Parents PIN Code Error Message On AddressDetailsPage]]>
            </line>
            <line>
              <![CDATA[error msg for Parents pincode is matching with expected error msg. TC is Passed]]>
            </line>
            <line>
              <![CDATA[getting Mobile number Error Message On AddressDetailsPage]]>
            </line>
            <line>
              <![CDATA[error msg for Mobile number is matching with expected error msg. TC is Passed]]>
            </line>
            <line>
              <![CDATA[Test validateErrorMsgsForPINCodesAndMobile is success]]>
            </line>
          </reporter-output>
        </test-method> <!-- validateErrorMsgsForPINCodesAndMobile -->
        <test-method is-config="true" signature="closeBrowser()[pri:0, instance:com.Coverfox_Test.TestCoverfoxErrorMsgUsingTestNG@233795b6]" started-at="2025-04-23T18:19:28 IST" name="closeBrowser" finished-at="2025-04-23T18:19:31 IST" duration-ms="2637" status="PASS">
          <reporter-output>
            <line>
              <![CDATA[Closing browser]]>
            </line>
          </reporter-output>
        </test-method> <!-- closeBrowser -->
      </class> <!-- com.Coverfox_Test.TestCoverfoxErrorMsgUsingTestNG -->
    </test> <!-- Test -->
  </suite> <!-- Suite (0) -->
</testng-results>
