<?xml version="1.0" encoding="UTF-8"?>
<testsuite xmlns:xsi="http://www.w3.org/2001/XMLSchema-instance" xsi:noNamespaceSchemaLocation="https://maven.apache.org/surefire/maven-surefire-plugin/xsd/surefire-test-report.xsd" version="3.0.2" name="TestSuite" time="33.433" tests="2" errors="0" skipped="0" failures="0">
  <properties>
[...]
</properties>
  <testcase name="validateCoverfoxPlans" classname="com.Coverfox_Test.TestCoverfoxUsingTestNG" time="10.363">
    <system-out><![CDATA[ INFO [main] (TestCoverfoxUsingTestNG.java:56)- Welcome to Coverfox testing
reading Data From Properties file
launching Browser
 INFO [main] (TestCoverfoxUsingTestNG.java:59)- Launching Browser
Clicking on Gender
 INFO [main] (TestCoverfoxUsingTestNG.java:73)- clicking On Gender
Selecting Husband and Mother options
clicking On NextButton Of HealthPlanPage
 INFO [main] (TestCoverfoxUsingTestNG.java:76)- clicking On Next Button Of Health Plan Page
2025-04-23T12:49:04.685497500Z main ERROR Log4j API could not find a logging provider.
reading Data From Excel
handleling You Age DropDown 
 INFO [main] (TestCoverfoxUsingTestNG.java:79)- handleling You Age DropDown
reading Data From Excel
handleling Spouse Age DropDown 
 INFO [main] (TestCoverfoxUsingTestNG.java:81)- handleling Spouse Age DropDown
reading Data From Excel
handleling Mother Age DropDown 
 INFO [main] (TestCoverfoxUsingTestNG.java:83)- handleling Mother Age DropDown
clicking On NextButton Of MemberDetailsPage
 INFO [main] (TestCoverfoxUsingTestNG.java:85)- clicking On Next Button Of Member DetailsPage
reading Data From Excel
entering PinCode
 INFO [main] (TestCoverfoxUsingTestNG.java:88)- entering PinCode
clicking On CheckBox
 INFO [main] (TestCoverfoxUsingTestNG.java:90)- clicking On CheckBox
reading Data From Excel
entering MobileNumber
 INFO [main] (TestCoverfoxUsingTestNG.java:92)- entering Mobile Number
clicking On ContinueButton Of AddressDetailsPage
 INFO [main] (TestCoverfoxUsingTestNG.java:94)- clicking On Continue Button Of Address DetailsPage
getting YouAndHusband PlanNumber From Text
getting YouAndHusband PlanNumber From PLANCARDS
 INFO [main] (TestCoverfoxUsingTestNG.java:113)- validating YouAndHusband's Coverfox Plans
YouAndHusband Plan numbers are matching. TC is passed
getting Mother PlanNumber From Text
getting Mother PlanNumber From PLANCARDS
 INFO [main] (TestCoverfoxUsingTestNG.java:125)- validating Mother's Coverfox Plans
Mother Plan numbers are matching. TC is passed
Test validateCoverfoxPlans is success
]]></system-out>
    <system-err><![CDATA[SLF4J(W): No SLF4J providers were found.
SLF4J(W): Defaulting to no-operation (NOP) logger implementation
SLF4J(W): See https://www.slf4j.org/codes.html#noProviders for further details.
]]></system-err>
  </testcase>
  <testcase name="validateErrorMsgsForPINCodesAndMobile" classname="com.Coverfox_Test.TestCoverfoxErrorMsgUsingTestNG" time="0.281">
    <system-out><![CDATA[ INFO [main] (TestCoverfoxUsingTestNG.java:140)- closing Browser
Closing Browser
 INFO [main] (TestCoverfoxErrorMsgUsingTestNG.java:47)- Welcome to Coverfox testing test case 2 error msgs on Address Details Page
reading Data From Properties file
launching Browser
 INFO [main] (TestCoverfoxErrorMsgUsingTestNG.java:50)- Launching Browser
Clicking on Gender
 INFO [main] (TestCoverfoxErrorMsgUsingTestNG.java:64)- clicking On Gender
Selecting Husband and Mother options
clicking On NextButton Of HealthPlanPage
 INFO [main] (TestCoverfoxErrorMsgUsingTestNG.java:67)- clicking On Next Button Of Health Plan Page
reading Data From Excel
handleling You Age DropDown 
 INFO [main] (TestCoverfoxErrorMsgUsingTestNG.java:70)- handleling You Age DropDown
reading Data From Excel
handleling Spouse Age DropDown 
 INFO [main] (TestCoverfoxErrorMsgUsingTestNG.java:72)- handleling Spouse Age DropDown
reading Data From Excel
handleling Mother Age DropDown 
 INFO [main] (TestCoverfoxErrorMsgUsingTestNG.java:74)- handleling Mother Age DropDown
clicking On NextButton Of MemberDetailsPage
 INFO [main] (TestCoverfoxErrorMsgUsingTestNG.java:76)- clicking On Next Button Of Member DetailsPage
clicking On ContinueButton Of AddressDetailsPage
 INFO [main] (TestCoverfoxErrorMsgUsingTestNG.java:79)- clicking On Continue Button Of Address DetailsPage
clicking On ContinueButton Of AddressDetailsPage
 INFO [main] (TestCoverfoxErrorMsgUsingTestNG.java:91)- validating Error Msgs For PINCodes And Mobile
error msg for self pincode is displayed. TC is Passed
error msg for Parents pincode is displayed. TC is Passed
error msg for Mobile number is displayed. TC is Passed
getting Self PIN Code Error Message On AddressDetailsPage
error msg for self pincode is matching with expected error msg. TC is Passed
getting Parents PIN Code Error Message On AddressDetailsPage
error msg for Parents pincode is matching with expected error msg. TC is Passed
getting Mobile number Error Message On AddressDetailsPage
error msg for Mobile number is matching with expected error msg. TC is Passed
Test validateErrorMsgsForPINCodesAndMobile is success
]]></system-out>
  </testcase>
</testsuite>