<?xml version="1.0" encoding="UTF-8"?>
<testng-results ignored="0" total="1" passed="1" failed="0" skipped="0">
  <reporter-output>
    <line>
      <![CDATA[reading Data From Properties file]]>
    </line>
    <line>
      <![CDATA[launching Browser]]>
    </line>
    <line>
      <![CDATA[Clicking on Gender]]>
    </line>
    <line>
      <![CDATA[Selecting Husband and Mother options]]>
    </line>
    <line>
      <![CDATA[clicking On NextButton Of HealthPlanPage]]>
    </line>
    <line>
      <![CDATA[reading Data From Excel]]>
    </line>
    <line>
      <![CDATA[handleling You Age DropDown ]]>
    </line>
    <line>
      <![CDATA[reading Data From Excel]]>
    </line>
    <line>
      <![CDATA[handleling Spouse Age DropDown ]]>
    </line>
    <line>
      <![CDATA[reading Data From Excel]]>
    </line>
    <line>
      <![CDATA[handleling Mother Age DropDown ]]>
    </line>
    <line>
      <![CDATA[clicking On NextButton Of MemberDetailsPage]]>
    </line>
    <line>
      <![CDATA[reading Data From Excel]]>
    </line>
    <line>
      <![CDATA[entering PinCode]]>
    </line>
    <line>
      <![CDATA[clicking On CheckBox]]>
    </line>
    <line>
      <![CDATA[reading Data From Excel]]>
    </line>
    <line>
      <![CDATA[entering MobileNumber]]>
    </line>
    <line>
      <![CDATA[clicking On ContinueButton Of AddressDetailsPage]]>
    </line>
    <line>
      <![CDATA[getting YouAndHusband PlanNumber From Text]]>
    </line>
    <line>
      <![CDATA[getting YouAndHusband PlanNumber From PLANCARDS]]>
    </line>
    <line>
      <![CDATA[YouAndHusband Plan numbers are matching. TC is passed]]>
    </line>
    <line>
      <![CDATA[velocity 1]]>
    </line>
    <line>
      <![CDATA[velocity 2]]>
    </line>
    <line>
      <![CDATA[velocity 3]]>
    </line>
    <line>
      <![CDATA[Closing Browser]]>
    </line>
  </reporter-output>
  <suite started-at="2025-04-29T14:14:17 IST" name="Default suite" finished-at="2025-04-29T14:14:29 IST" duration-ms="12372">
    <groups>
    </groups>
    <test started-at="2025-04-29T14:14:17 IST" name="Default test" finished-at="2025-04-29T14:14:29 IST" duration-ms="12372">
      <class name="com.Coverfox_Test.TestCoverfoxUsingTestNG">
        <test-method is-config="true" signature="launchBrowser()[pri:0, instance:com.Coverfox_Test.TestCoverfoxUsingTestNG@1f59a598]" started-at="2025-04-29T14:14:17 IST" name="launchBrowser" finished-at="2025-04-29T14:14:20 IST" duration-ms="3397" status="PASS">
          <reporter-output>
            <line>
              <![CDATA[reading Data From Properties file]]>
            </line>
            <line>
              <![CDATA[launching Browser]]>
            </line>
          </reporter-output>
        </test-method> <!-- launchBrowser -->
        <test-method is-config="true" signature="coverfoxPreconditions()[pri:0, instance:com.Coverfox_Test.TestCoverfoxUsingTestNG@1f59a598]" started-at="2025-04-29T14:14:20 IST" name="coverfoxPreconditions" finished-at="2025-04-29T14:14:28 IST" duration-ms="7961" status="PASS">
          <reporter-output>
            <line>
              <![CDATA[Clicking on Gender]]>
            </line>
            <line>
              <![CDATA[Selecting Husband and Mother options]]>
            </line>
            <line>
              <![CDATA[clicking On NextButton Of HealthPlanPage]]>
            </line>
            <line>
              <![CDATA[reading Data From Excel]]>
            </line>
            <line>
              <![CDATA[handleling You Age DropDown ]]>
            </line>
            <line>
              <![CDATA[reading Data From Excel]]>
            </line>
            <line>
              <![CDATA[handleling Spouse Age DropDown ]]>
            </line>
            <line>
              <![CDATA[reading Data From Excel]]>
            </line>
            <line>
              <![CDATA[handleling Mother Age DropDown ]]>
            </line>
            <line>
              <![CDATA[clicking On NextButton Of MemberDetailsPage]]>
            </line>
            <line>
              <![CDATA[reading Data From Excel]]>
            </line>
            <line>
              <![CDATA[entering PinCode]]>
            </line>
            <line>
              <![CDATA[clicking On CheckBox]]>
            </line>
            <line>
              <![CDATA[reading Data From Excel]]>
            </line>
            <line>
              <![CDATA[entering MobileNumber]]>
            </line>
            <line>
              <![CDATA[clicking On ContinueButton Of AddressDetailsPage]]>
            </line>
          </reporter-output>
        </test-method> <!-- coverfoxPreconditions -->
        <test-method signature="validateCoverfoxPlans()[pri:0, instance:com.Coverfox_Test.TestCoverfoxUsingTestNG@1f59a598]" started-at="2025-04-29T14:14:28 IST" name="validateCoverfoxPlans" finished-at="2025-04-29T14:14:28 IST" duration-ms="77" status="PASS">
          <reporter-output>
            <line>
              <![CDATA[getting YouAndHusband PlanNumber From Text]]>
            </line>
            <line>
              <![CDATA[getting YouAndHusband PlanNumber From PLANCARDS]]>
            </line>
            <line>
              <![CDATA[YouAndHusband Plan numbers are matching. TC is passed]]>
            </line>
            <line>
              <![CDATA[velocity 1]]>
            </line>
            <line>
              <![CDATA[velocity 2]]>
            </line>
            <line>
              <![CDATA[velocity 3]]>
            </line>
          </reporter-output>
        </test-method> <!-- validateCoverfoxPlans -->
        <test-method is-config="true" signature="closeBrowser()[pri:0, instance:com.Coverfox_Test.TestCoverfoxUsingTestNG@1f59a598]" started-at="2025-04-29T14:14:28 IST" name="closeBrowser" finished-at="2025-04-29T14:14:29 IST" duration-ms="879" status="PASS">
          <reporter-output>
            <line>
              <![CDATA[Closing Browser]]>
            </line>
          </reporter-output>
        </test-method> <!-- closeBrowser -->
      </class> <!-- com.Coverfox_Test.TestCoverfoxUsingTestNG -->
    </test> <!-- Default test -->
  </suite> <!-- Default suite -->
</testng-results>
